<?xml version="1.0" encoding="UTF-8"?>
<testsuite name="koala test 1"
           tests="23"
           failures="1"
           errors="0"
           skipped="22"
           time="-25648707080.203">
    <properties></properties>

            <testcase
                name="login"
                time="24.515"
                classname="com.techproed.tests.WebTables">

            <failure type="org.openqa.selenium.NoSuchElementException" message="no such element: Unable to locate element: {&quot;method&quot;:&quot;partial link text&quot;,&quot;selector&quot;:&quot;Hotel Rooms&quot;}
  (Session info: chrome=86.0.4240.80)
For documentation on this error, please visit: https://www.seleniumhq.org/exceptions/no_such_element.html
Build info: version: &apos;3.141.59&apos;, revision: &apos;e82be7d358&apos;, time: &apos;2018-11-14T08:17:03&apos;
System info: host: &apos;mahmuts-MBP&apos;, ip: &apos;fd1c:1386:d350:4e00:798f:cce9:5656:d10f%en0&apos;, os.name: &apos;Mac OS X&apos;, os.arch: &apos;x86_64&apos;, os.version: &apos;10.15.7&apos;, java.version: &apos;1.8.0_252&apos;
Driver info: org.openqa.selenium.chrome.ChromeDriver
Capabilities {acceptInsecureCerts: false, browserName: chrome, browserVersion: 86.0.4240.80, chrome: {chromedriverVersion: 86.0.4240.22 (398b0743353ff..., userDataDir: /var/folders/9x/fw61rr0x4q5...}, goog:chromeOptions: {debuggerAddress: localhost:55417}, javascriptEnabled: true, networkConnectionEnabled: false, pageLoadStrategy: normal, platform: MAC, platformName: MAC, proxy: Proxy(), setWindowRect: true, strictFileInteractability: false, timeouts: {implicit: 0, pageLoad: 300000, script: 30000}, unhandledPromptBehavior: dismiss and notify, webauthn:virtualAuthenticators: true}
Session ID: 526701b348233943e70954d34d40e3ca
*** Element info: {Using=partial link text, value=Hotel Rooms}">
                <![CDATA[org.openqa.selenium.NoSuchElementException: no such element: Unable to locate element: {"method":"partial link text","selector":"Hotel Rooms"}
  (Session info: chrome=86.0.4240.80)
For documentation on this error, please visit: https://www.seleniumhq.org/exceptions/no_such_element.html
Build info: version: '3.141.59', revision: 'e82be7d358', time: '2018-11-14T08:17:03'
System info: host: 'mahmuts-MBP', ip: 'fd1c:1386:d350:4e00:798f:cce9:5656:d10f%en0', os.name: 'Mac OS X', os.arch: 'x86_64', os.version: '10.15.7', java.version: '1.8.0_252'
Driver info: org.openqa.selenium.chrome.ChromeDriver
Capabilities {acceptInsecureCerts: false, browserName: chrome, browserVersion: 86.0.4240.80, chrome: {chromedriverVersion: 86.0.4240.22 (398b0743353ff..., userDataDir: /var/folders/9x/fw61rr0x4q5...}, goog:chromeOptions: {debuggerAddress: localhost:55417}, javascriptEnabled: true, networkConnectionEnabled: false, pageLoadStrategy: normal, platform: MAC, platformName: MAC, proxy: Proxy(), setWindowRect: true, strictFileInteractability: false, timeouts: {implicit: 0, pageLoad: 300000, script: 30000}, unhandledPromptBehavior: dismiss and notify, webauthn:virtualAuthenticators: true}
Session ID: 526701b348233943e70954d34d40e3ca
*** Element info: {Using=partial link text, value=Hotel Rooms}
                sun.reflect.NativeConstructorAccessorImpl.newInstance0(Native Method)sun.reflect.NativeConstructorAccessorImpl.newInstance(NativeConstructorAccessorImpl.java:62)sun.reflect.DelegatingConstructorAccessorImpl.newInstance(DelegatingConstructorAccessorImpl.java:45)java.lang.reflect.Constructor.newInstance(Constructor.java:423)org.openqa.selenium.remote.http.W3CHttpResponseCodec.createException(W3CHttpResponseCodec.java:187)org.openqa.selenium.remote.http.W3CHttpResponseCodec.decode(W3CHttpResponseCodec.java:122)org.openqa.selenium.remote.http.W3CHttpResponseCodec.decode(W3CHttpResponseCodec.java:49)org.openqa.selenium.remote.HttpCommandExecutor.execute(HttpCommandExecutor.java:158)org.openqa.selenium.remote.service.DriverCommandExecutor.execute(DriverCommandExecutor.java:83)org.openqa.selenium.remote.RemoteWebDriver.execute(RemoteWebDriver.java:552)org.openqa.selenium.remote.RemoteWebDriver.findElement(RemoteWebDriver.java:323)org.openqa.selenium.remote.RemoteWebDriver.findElementByPartialLinkText(RemoteWebDriver.java:388)org.openqa.selenium.By$ByPartialLinkText.findElement(By.java:250)org.openqa.selenium.remote.RemoteWebDriver.findElement(RemoteWebDriver.java:315)com.techproed.tests.WebTables.login(WebTables.java:43)sun.reflect.NativeMethodAccessorImpl.invoke0(Native Method)sun.reflect.NativeMethodAccessorImpl.invoke(NativeMethodAccessorImpl.java:62)sun.reflect.DelegatingMethodAccessorImpl.invoke(DelegatingMethodAccessorImpl.java:43)java.lang.reflect.Method.invoke(Method.java:498)org.testng.internal.MethodInvocationHelper.invokeMethod(MethodInvocationHelper.java:134)org.testng.internal.MethodInvocationHelper.invokeMethodConsideringTimeout(MethodInvocationHelper.java:63)org.testng.internal.ConfigInvoker.invokeConfigurationMethod(ConfigInvoker.java:348)org.testng.internal.ConfigInvoker.invokeConfigurations(ConfigInvoker.java:302)org.testng.internal.TestInvoker.runConfigMethods(TestInvoker.java:695)org.testng.internal.TestInvoker.invokeMethod(TestInvoker.java:523)org.testng.internal.TestInvoker.invokeTestMethod(TestInvoker.java:173)org.testng.internal.MethodRunner.runInSequence(MethodRunner.java:46)org.testng.internal.TestInvoker$MethodInvocationAgent.invoke(TestInvoker.java:816)org.testng.internal.TestInvoker.invokeTestMethods(TestInvoker.java:146)org.testng.internal.TestMethodWorker.invokeTestMethods(TestMethodWorker.java:146)org.testng.internal.TestMethodWorker.run(TestMethodWorker.java:128)java.util.ArrayList.forEach(ArrayList.java:1257)org.testng.TestRunner.privateRun(TestRunner.java:766)org.testng.TestRunner.run(TestRunner.java:587)org.testng.SuiteRunner.runTest(SuiteRunner.java:384)org.testng.SuiteRunner.runSequentially(SuiteRunner.java:378)org.testng.SuiteRunner.privateRun(SuiteRunner.java:337)org.testng.SuiteRunner.run(SuiteRunner.java:286)org.testng.SuiteRunnerWorker.runSuite(SuiteRunnerWorker.java:53)org.testng.SuiteRunnerWorker.run(SuiteRunnerWorker.java:96)org.testng.TestNG.runSuitesSequentially(TestNG.java:1187)org.testng.TestNG.runSuitesLocally(TestNG.java:1109)org.testng.TestNG.runSuites(TestNG.java:1039)org.testng.TestNG.run(TestNG.java:1007)com.intellij.rt.testng.IDEARemoteTestNG.run(IDEARemoteTestNG.java:66)com.intellij.rt.testng.RemoteTestNGStarter.main(RemoteTestNGStarter.java:109)
]]>
            </failure>
    </testcase>

            <testcase
                name="login"
                time="0.0"
                classname="com.techproed.tests.WebTables">
            </testcase>
            <testcase
                name="login"
                time="0.0"
                classname="com.techproed.tests.WebTables">
            </testcase>
            <testcase
                name="setUp"
                time="0.0"
                classname="com.techproed.tests.WebTables">
            </testcase>
            <testcase
                name="tearDown"
                time="0.0"
                classname="com.techproed.tests.WebTables">
            </testcase>
            <testcase
                name="setUp"
                time="0.0"
                classname="com.techproed.tests.WebTables">
            </testcase>
            <testcase
                name="tearDown"
                time="0.0"
                classname="com.techproed.tests.WebTables">
            </testcase>
            <testcase
                name="login"
                time="0.0"
                classname="com.techproed.tests.WebTables">
            </testcase>
            <testcase
                name="tearDown"
                time="0.0"
                classname="com.techproed.tests.WebTables">
            </testcase>
            <testcase
                name="tearDown"
                time="0.0"
                classname="com.techproed.tests.WebTables">
            </testcase>
            <testcase
                name="setUp"
                time="0.0"
                classname="com.techproed.tests.WebTables">
            </testcase>
            <testcase
                name="login"
                time="0.0"
                classname="com.techproed.tests.WebTables">
            </testcase>
            <testcase
                name="tearDown"
                time="0.0"
                classname="com.techproed.tests.WebTables">
            </testcase>
            <testcase
                name="setUp"
                time="0.0"
                classname="com.techproed.tests.WebTables">
            </testcase>
            <testcase
                name="setUp"
                time="0.0"
                classname="com.techproed.tests.WebTables">
            </testcase>
            <testcase
                name="tearDown"
                time="0.0"
                classname="com.techproed.tests.WebTables">
            </testcase>
            <testcase
                name="login"
                time="0.0"
                classname="com.techproed.tests.WebTables">
            </testcase>
            <testcase
                name="entireTable"
                time="0.0"
                classname="com.techproed.tests.WebTables">
            </testcase>
            <testcase
                name="printColumns"
                time="0.0"
                classname="com.techproed.tests.WebTables">
            </testcase>
            <testcase
                name="printRows"
                time="0.0"
                classname="com.techproed.tests.WebTables">
            </testcase>
            <testcase
                name="webTableHW"
                time="0.0"
                classname="com.techproed.tests.WebTables">
            </testcase>
            <testcase
                name="printDataTest"
                time="0.0"
                classname="com.techproed.tests.WebTables">
            </testcase>
            <testcase
                name="printCells"
                time="0.0"
                classname="com.techproed.tests.WebTables">
            </testcase>

</testsuite>
